[2016-07-17 01:40:32] development.ERROR: exception 'Illuminate\Contracts\Filesystem\FileNotFoundException' with message 'File does not exist at path /home/ptori/web/reservas.puertorinoco.com/public_html/reservas/storage/debugbar/1a751184aa1278abd5bf5906c4ef8c7c.json' in /home/ptori/web/reservas.puertorinoco.com/public_html/reservas/vendor/laravel/framework/src/Illuminate/Filesystem/Filesystem.php:40
Stack trace:
#0 /home/ptori/web/reservas.puertorinoco.com/public_html/reservas/vendor/barryvdh/laravel-debugbar/src/Storage/FilesystemStorage.php(82): Illuminate\Filesystem\Filesystem->get('/home/ptori/web...')
#1 /home/ptori/web/reservas.puertorinoco.com/public_html/reservas/vendor/maximebf/debugbar/src/DebugBar/OpenHandler.php(96): Barryvdh\Debugbar\Storage\FilesystemStorage->get('1a751184aa1278a...')
#2 [internal function]: DebugBar\OpenHandler->get(Array)
#3 /home/ptori/web/reservas.puertorinoco.com/public_html/reservas/vendor/maximebf/debugbar/src/DebugBar/OpenHandler.php(56): call_user_func(Array, Array)
#4 /home/ptori/web/reservas.puertorinoco.com/public_html/reservas/vendor/barryvdh/laravel-debugbar/src/Controllers/OpenHandlerController.php(20): DebugBar\OpenHandler->handle(NULL, false, false)
#5 [internal function]: Barryvdh\Debugbar\Controllers\OpenHandlerController->handle()
#6 /home/ptori/web/reservas.puertorinoco.com/public_html/reservas/vendor/laravel/framework/src/Illuminate/Routing/Controller.php(256): call_user_func_array(Array, Array)
#7 /home/ptori/web/reservas.puertorinoco.com/public_html/reservas/vendor/laravel/framework/src/Illuminate/Routing/ControllerDispatcher.php(164): Illuminate\Routing\Controller->callAction('handle', Array)
#8 /home/ptori/web/reservas.puertorinoco.com/public_html/reservas/vendor/laravel/framework/src/Illuminate/Routing/ControllerDispatcher.php(112): Illuminate\Routing\ControllerDispatcher->call(Object(Barryvdh\Debugbar\Controllers\OpenHandlerController), Object(Illuminate\Routing\Route), 'handle')
#9 [internal function]: Illuminate\Routing\ControllerDispatcher->Illuminate\Routing\{closure}(Object(Illuminate\Http\Request))
#10 /home/ptori/web/reservas.puertorinoco.com/public_html/reservas/vendor/laravel/framework/src/Illuminate/Pipeline/Pipeline.php(139): call_user_func(Object(Closure), Object(Illuminate\Http\Request))
#11 [internal function]: Illuminate\Pipeline\Pipeline->Illuminate\Pipeline\{closure}(Object(Illuminate\Http\Request))
#12 /home/ptori/web/reservas.puertorinoco.com/public_html/reservas/vendor/laravel/framework/src/Illuminate/Pipeline/Pipeline.php(103): call_user_func(Object(Closure), Object(Illuminate\Http\Request))
#13 /home/ptori/web/reservas.puertorinoco.com/public_html/reservas/vendor/laravel/framework/src/Illuminate/Routing/ControllerDispatcher.php(114): Illuminate\Pipeline\Pipeline->then(Object(Closure))
#14 /home/ptori/web/reservas.puertorinoco.com/public_html/reservas/vendor/laravel/framework/src/Illuminate/Routing/ControllerDispatcher.php(69): Illuminate\Routing\ControllerDispatcher->callWithinStack(Object(Barryvdh\Debugbar\Controllers\OpenHandlerController), Object(Illuminate\Routing\Route), Object(Illuminate\Http\Request), 'handle')
#15 /home/ptori/web/reservas.puertorinoco.com/public_html/reservas/vendor/laravel/framework/src/Illuminate/Routing/Route.php(203): Illuminate\Routing\ControllerDispatcher->dispatch(Object(Illuminate\Routing\Route), Object(Illuminate\Http\Request), 'Barryvdh\\Debugb...', 'handle')
#16 /home/ptori/web/reservas.puertorinoco.com/public_html/reservas/vendor/laravel/framework/src/Illuminate/Routing/Route.php(134): Illuminate\Routing\Route->runWithCustomDispatcher(Object(Illuminate\Http\Request))
#17 /home/ptori/web/reservas.puertorinoco.com/public_html/reservas/vendor/laravel/framework/src/Illuminate/Routing/Router.php(708): Illuminate\Routing\Route->run(Object(Illuminate\Http\Request))
#18 [internal function]: Illuminate\Routing\Router->Illuminate\Routing\{closure}(Object(Illuminate\Http\Request))
#19 /home/ptori/web/reservas.puertorinoco.com/public_html/reservas/vendor/laravel/framework/src/Illuminate/Pipeline/Pipeline.php(139): call_user_func(Object(Closure), Object(Illuminate\Http\Request))
#20 [internal function]: Illuminate\Pipeline\Pipeline->Illuminate\Pipeline\{closure}(Object(Illuminate\Http\Request))
#21 /home/ptori/web/reservas.puertorinoco.com/public_html/reservas/vendor/laravel/framework/src/Illuminate/Pipeline/Pipeline.php(103): call_user_func(Object(Closure), Object(Illuminate\Http\Request))
#22 /home/ptori/web/reservas.puertorinoco.com/public_html/reservas/vendor/laravel/framework/src/Illuminate/Routing/Router.php(710): Illuminate\Pipeline\Pipeline->then(Object(Closure))
#23 /home/ptori/web/reservas.puertorinoco.com/public_html/reservas/vendor/laravel/framework/src/Illuminate/Routing/Router.php(675): Illuminate\Routing\Router->runRouteWithinStack(Object(Illuminate\Routing\Route), Object(Illuminate\Http\Request))
#24 /home/ptori/web/reservas.puertorinoco.com/public_html/reservas/vendor/laravel/framework/src/Illuminate/Routing/Router.php(635): Illuminate\Routing\Router->dispatchToRoute(Object(Illuminate\Http\Request))
#25 /home/ptori/web/reservas.puertorinoco.com/public_html/reservas/vendor/laravel/framework/src/Illuminate/Foundation/Http/Kernel.php(236): Illuminate\Routing\Router->dispatch(Object(Illuminate\Http\Request))
#26 [internal function]: Illuminate\Foundation\Http\Kernel->Illuminate\Foundation\Http\{closure}(Object(Illuminate\Http\Request))
#27 /home/ptori/web/reservas.puertorinoco.com/public_html/reservas/vendor/laravel/framework/src/Illuminate/Pipeline/Pipeline.php(139): call_user_func(Object(Closure), Object(Illuminate\Http\Request))
#28 /home/ptori/web/reservas.puertorinoco.com/public_html/reservas/vendor/barryvdh/laravel-debugbar/src/Middleware/Debugbar.php(49): Illuminate\Pipeline\Pipeline->Illuminate\Pipeline\{closure}(Object(Illuminate\Http\Request))
#29 [internal function]: Barryvdh\Debugbar\Middleware\Debugbar->handle(Object(Illuminate\Http\Request), Object(Closure))
#30 /home/ptori/web/reservas.puertorinoco.com/public_html/reservas/vendor/laravel/framework/src/Illuminate/Pipeline/Pipeline.php(124): call_user_func_array(Array, Array)
#31 /home/ptori/web/reservas.puertorinoco.com/public_html/reservas/app/Http/Middleware/VerifyCsrfToken.php(19): Illuminate\Pipeline\Pipeline->Illuminate\Pipeline\{closure}(Object(Illuminate\Http\Request))
#32 [internal function]: App\Http\Middleware\VerifyCsrfToken->handle(Object(Illuminate\Http\Request), Object(Closure))
#33 /home/ptori/web/reservas.puertorinoco.com/public_html/reservas/vendor/laravel/framework/src/Illuminate/Pipeline/Pipeline.php(124): call_user_func_array(Array, Array)
#34 /home/ptori/web/reservas.puertorinoco.com/public_html/reservas/vendor/laravel/framework/src/Illuminate/View/Middleware/ShareErrorsFromSession.php(49): Illuminate\Pipeline\Pipeline->Illuminate\Pipeline\{closure}(Object(Illuminate\Http\Request))
#35 [internal function]: Illuminate\View\Middleware\ShareErrorsFromSession->handle(Object(Illuminate\Http\Request), Object(Closure))
#36 /home/ptori/web/reservas.puertorinoco.com/public_html/reservas/vendor/laravel/framework/src/Illuminate/Pipeline/Pipeline.php(124): call_user_func_array(Array, Array)
#37 /home/ptori/web/reservas.puertorinoco.com/public_html/reservas/vendor/laravel/framework/src/Illuminate/Session/Middleware/StartSession.php(62): Illuminate\Pipeline\Pipeline->Illuminate\Pipeline\{closure}(Object(Illuminate\Http\Request))
#38 [internal function]: Illuminate\Session\Middleware\StartSession->handle(Object(Illuminate\Http\Request), Object(Closure))
#39 /home/ptori/web/reservas.puertorinoco.com/public_html/reservas/vendor/laravel/framework/src/Illuminate/Pipeline/Pipeline.php(124): call_user_func_array(Array, Array)
#40 /home/ptori/web/reservas.puertorinoco.com/public_html/reservas/vendor/laravel/framework/src/Illuminate/Cookie/Middleware/AddQueuedCookiesToResponse.php(37): Illuminate\Pipeline\Pipeline->Illuminate\Pipeline\{closure}(Object(Illuminate\Http\Request))
#41 [internal function]: Illuminate\Cookie\Middleware\AddQueuedCookiesToResponse->handle(Object(Illuminate\Http\Request), Object(Closure))
#42 /home/ptori/web/reservas.puertorinoco.com/public_html/reservas/vendor/laravel/framework/src/Illuminate/Pipeline/Pipeline.php(124): call_user_func_array(Array, Array)
#43 /home/ptori/web/reservas.puertorinoco.com/public_html/reservas/vendor/laravel/framework/src/Illuminate/Cookie/Middleware/EncryptCookies.php(59): Illuminate\Pipeline\Pipeline->Illuminate\Pipeline\{closure}(Object(Illuminate\Http\Request))
#44 [internal function]: Illuminate\Cookie\Middleware\EncryptCookies->handle(Object(Illuminate\Http\Request), Object(Closure))
#45 /home/ptori/web/reservas.puertorinoco.com/public_html/reservas/vendor/laravel/framework/src/Illuminate/Pipeline/Pipeline.php(124): call_user_func_array(Array, Array)
#46 /home/ptori/web/reservas.puertorinoco.com/public_html/reservas/vendor/laravel/framework/src/Illuminate/Foundation/Http/Middleware/CheckForMaintenanceMode.php(44): Illuminate\Pipeline\Pipeline->Illuminate\Pipeline\{closure}(Object(Illuminate\Http\Request))
#47 [internal function]: Illuminate\Foundation\Http\Middleware\CheckForMaintenanceMode->handle(Object(Illuminate\Http\Request), Object(Closure))
#48 /home/ptori/web/reservas.puertorinoco.com/public_html/reservas/vendor/laravel/framework/src/Illuminate/Pipeline/Pipeline.php(124): call_user_func_array(Array, Array)
#49 [internal function]: Illuminate\Pipeline\Pipeline->Illuminate\Pipeline\{closure}(Object(Illuminate\Http\Request))
#50 /home/ptori/web/reservas.puertorinoco.com/public_html/reservas/vendor/laravel/framework/src/Illuminate/Pipeline/Pipeline.php(103): call_user_func(Object(Closure), Object(Illuminate\Http\Request))
#51 /home/ptori/web/reservas.puertorinoco.com/public_html/reservas/vendor/laravel/framework/src/Illuminate/Foundation/Http/Kernel.php(122): Illuminate\Pipeline\Pipeline->then(Object(Closure))
#52 /home/ptori/web/reservas.puertorinoco.com/public_html/reservas/vendor/laravel/framework/src/Illuminate/Foundation/Http/Kernel.php(87): Illuminate\Foundation\Http\Kernel->sendRequestThroughRouter(Object(Illuminate\Http\Request))
#53 /home/ptori/web/reservas.puertorinoco.com/public_html/reservas/public/index.php(53): Illuminate\Foundation\Http\Kernel->handle(Object(Illuminate\Http\Request))
#54 {main}  
