[2016-07-29 04:17:58] development.ERROR: exception 'ErrorException' with message 'Undefined variable: respuestas' in /home/ptori/web/reservas.puertorinoco.com/public_html/reservas/app/Http/Controllers/VariablesController.php:228
Stack trace:
#0 /home/ptori/web/reservas.puertorinoco.com/public_html/reservas/app/Http/Controllers/VariablesController.php(228): Illuminate\Foundation\Bootstrap\HandleExceptions->handleError(8, 'Undefined varia...', '/home/ptori/web...', 228, Array)
#1 [internal function]: App\Http\Controllers\VariablesController->otrasVariables('2016-08-22', Object(Illuminate\Auth\Guard))
#2 /home/ptori/web/reservas.puertorinoco.com/public_html/reservas/vendor/laravel/framework/src/Illuminate/Routing/Controller.php(256): call_user_func_array(Array, Array)
#3 /home/ptori/web/reservas.puertorinoco.com/public_html/reservas/vendor/laravel/framework/src/Illuminate/Routing/ControllerDispatcher.php(164): Illuminate\Routing\Controller->callAction('otrasVariables', Array)
#4 /home/ptori/web/reservas.puertorinoco.com/public_html/reservas/vendor/laravel/framework/src/Illuminate/Routing/ControllerDispatcher.php(112): Illuminate\Routing\ControllerDispatcher->call(Object(App\Http\Controllers\VariablesController), Object(Illuminate\Routing\Route), 'otrasVariables')
#5 [internal function]: Illuminate\Routing\ControllerDispatcher->Illuminate\Routing\{closure}(Object(Illuminate\Http\Request))
#6 /home/ptori/web/reservas.puertorinoco.com/public_html/reservas/vendor/laravel/framework/src/Illuminate/Pipeline/Pipeline.php(139): call_user_func(Object(Closure), Object(Illuminate\Http\Request))
#7 [internal function]: Illuminate\Pipeline\Pipeline->Illuminate\Pipeline\{closure}(Object(Illuminate\Http\Request))
#8 /home/ptori/web/reservas.puertorinoco.com/public_html/reservas/vendor/laravel/framework/src/Illuminate/Pipeline/Pipeline.php(103): call_user_func(Object(Closure), Object(Illuminate\Http\Request))
#9 /home/ptori/web/reservas.puertorinoco.com/public_html/reservas/vendor/laravel/framework/src/Illuminate/Routing/ControllerDispatcher.php(114): Illuminate\Pipeline\Pipeline->then(Object(Closure))
#10 /home/ptori/web/reservas.puertorinoco.com/public_html/reservas/vendor/laravel/framework/src/Illuminate/Routing/ControllerDispatcher.php(69): Illuminate\Routing\ControllerDispatcher->callWithinStack(Object(App\Http\Controllers\VariablesController), Object(Illuminate\Routing\Route), Object(Illuminate\Http\Request), 'otrasVariables')
#11 /home/ptori/web/reservas.puertorinoco.com/public_html/reservas/vendor/laravel/framework/src/Illuminate/Routing/Route.php(203): Illuminate\Routing\ControllerDispatcher->dispatch(Object(Illuminate\Routing\Route), Object(Illuminate\Http\Request), 'App\\Http\\Contro...', 'otrasVariables')
#12 /home/ptori/web/reservas.puertorinoco.com/public_html/reservas/vendor/laravel/framework/src/Illuminate/Routing/Route.php(134): Illuminate\Routing\Route->runWithCustomDispatcher(Object(Illuminate\Http\Request))
#13 /home/ptori/web/reservas.puertorinoco.com/public_html/reservas/vendor/laravel/framework/src/Illuminate/Routing/Router.php(708): Illuminate\Routing\Route->run(Object(Illuminate\Http\Request))
#14 [internal function]: Illuminate\Routing\Router->Illuminate\Routing\{closure}(Object(Illuminate\Http\Request))
#15 /home/ptori/web/reservas.puertorinoco.com/public_html/reservas/vendor/laravel/framework/src/Illuminate/Pipeline/Pipeline.php(139): call_user_func(Object(Closure), Object(Illuminate\Http\Request))
#16 /home/ptori/web/reservas.puertorinoco.com/public_html/reservas/vendor/mcamara/laravel-localization/src/Mcamara/LaravelLocalization/Middleware/LaravelLocalizationRedirectFilter.php(53): Illuminate\Pipeline\Pipeline->Illuminate\Pipeline\{closure}(Object(Illuminate\Http\Request))
#17 [internal function]: Mcamara\LaravelLocalization\Middleware\LaravelLocalizationRedirectFilter->handle(Object(Illuminate\Http\Request), Object(Closure))
#18 /home/ptori/web/reservas.puertorinoco.com/public_html/reservas/vendor/laravel/framework/src/Illuminate/Pipeline/Pipeline.php(124): call_user_func_array(Array, Array)
#19 /home/ptori/web/reservas.puertorinoco.com/public_html/reservas/vendor/mcamara/laravel-localization/src/Mcamara/LaravelLocalization/Middleware/LaravelLocalizationRoutes.php(24): Illuminate\Pipeline\Pipeline->Illuminate\Pipeline\{closure}(Object(Illuminate\Http\Request))
#20 [internal function]: Mcamara\LaravelLocalization\Middleware\LaravelLocalizationRoutes->handle(Object(Illuminate\Http\Request), Object(Closure))
#21 /home/ptori/web/reservas.puertorinoco.com/public_html/reservas/vendor/laravel/framework/src/Illuminate/Pipeline/Pipeline.php(124): call_user_func_array(Array, Array)
#22 [internal function]: Illuminate\Pipeline\Pipeline->Illuminate\Pipeline\{closure}(Object(Illuminate\Http\Request))
#23 /home/ptori/web/reservas.puertorinoco.com/public_html/reservas/vendor/laravel/framework/src/Illuminate/Pipeline/Pipeline.php(103): call_user_func(Object(Closure), Object(Illuminate\Http\Request))
#24 /home/ptori/web/reservas.puertorinoco.com/public_html/reservas/vendor/laravel/framework/src/Illuminate/Routing/Router.php(710): Illuminate\Pipeline\Pipeline->then(Object(Closure))
#25 /home/ptori/web/reservas.puertorinoco.com/public_html/reservas/vendor/laravel/framework/src/Illuminate/Routing/Router.php(675): Illuminate\Routing\Router->runRouteWithinStack(Object(Illuminate\Routing\Route), Object(Illuminate\Http\Request))
#26 /home/ptori/web/reservas.puertorinoco.com/public_html/reservas/vendor/laravel/framework/src/Illuminate/Routing/Router.php(635): Illuminate\Routing\Router->dispatchToRoute(Object(Illuminate\Http\Request))
#27 /home/ptori/web/reservas.puertorinoco.com/public_html/reservas/vendor/laravel/framework/src/Illuminate/Foundation/Http/Kernel.php(236): Illuminate\Routing\Router->dispatch(Object(Illuminate\Http\Request))
#28 [internal function]: Illuminate\Foundation\Http\Kernel->Illuminate\Foundation\Http\{closure}(Object(Illuminate\Http\Request))
#29 /home/ptori/web/reservas.puertorinoco.com/public_html/reservas/vendor/laravel/framework/src/Illuminate/Pipeline/Pipeline.php(139): call_user_func(Object(Closure), Object(Illuminate\Http\Request))
#30 /home/ptori/web/reservas.puertorinoco.com/public_html/reservas/app/Http/Middleware/VerifyCsrfToken.php(19): Illuminate\Pipeline\Pipeline->Illuminate\Pipeline\{closure}(Object(Illuminate\Http\Request))
#31 [internal function]: App\Http\Middleware\VerifyCsrfToken->handle(Object(Illuminate\Http\Request), Object(Closure))
#32 /home/ptori/web/reservas.puertorinoco.com/public_html/reservas/vendor/laravel/framework/src/Illuminate/Pipeline/Pipeline.php(124): call_user_func_array(Array, Array)
#33 /home/ptori/web/reservas.puertorinoco.com/public_html/reservas/vendor/laravel/framework/src/Illuminate/View/Middleware/ShareErrorsFromSession.php(49): Illuminate\Pipeline\Pipeline->Illuminate\Pipeline\{closure}(Object(Illuminate\Http\Request))
#34 [internal function]: Illuminate\View\Middleware\ShareErrorsFromSession->handle(Object(Illuminate\Http\Request), Object(Closure))
#35 /home/ptori/web/reservas.puertorinoco.com/public_html/reservas/vendor/laravel/framework/src/Illuminate/Pipeline/Pipeline.php(124): call_user_func_array(Array, Array)
#36 /home/ptori/web/reservas.puertorinoco.com/public_html/reservas/vendor/laravel/framework/src/Illuminate/Session/Middleware/StartSession.php(62): Illuminate\Pipeline\Pipeline->Illuminate\Pipeline\{closure}(Object(Illuminate\Http\Request))
#37 [internal function]: Illuminate\Session\Middleware\StartSession->handle(Object(Illuminate\Http\Request), Object(Closure))
#38 /home/ptori/web/reservas.puertorinoco.com/public_html/reservas/vendor/laravel/framework/src/Illuminate/Pipeline/Pipeline.php(124): call_user_func_array(Array, Array)
#39 /home/ptori/web/reservas.puertorinoco.com/public_html/reservas/vendor/laravel/framework/src/Illuminate/Cookie/Middleware/AddQueuedCookiesToResponse.php(37): Illuminate\Pipeline\Pipeline->Illuminate\Pipeline\{closure}(Object(Illuminate\Http\Request))
#40 [internal function]: Illuminate\Cookie\Middleware\AddQueuedCookiesToResponse->handle(Object(Illuminate\Http\Request), Object(Closure))
#41 /home/ptori/web/reservas.puertorinoco.com/public_html/reservas/vendor/laravel/framework/src/Illuminate/Pipeline/Pipeline.php(124): call_user_func_array(Array, Array)
#42 /home/ptori/web/reservas.puertorinoco.com/public_html/reservas/vendor/laravel/framework/src/Illuminate/Cookie/Middleware/EncryptCookies.php(59): Illuminate\Pipeline\Pipeline->Illuminate\Pipeline\{closure}(Object(Illuminate\Http\Request))
#43 [internal function]: Illuminate\Cookie\Middleware\EncryptCookies->handle(Object(Illuminate\Http\Request), Object(Closure))
#44 /home/ptori/web/reservas.puertorinoco.com/public_html/reservas/vendor/laravel/framework/src/Illuminate/Pipeline/Pipeline.php(124): call_user_func_array(Array, Array)
#45 /home/ptori/web/reservas.puertorinoco.com/public_html/reservas/vendor/laravel/framework/src/Illuminate/Foundation/Http/Middleware/CheckForMaintenanceMode.php(44): Illuminate\Pipeline\Pipeline->Illuminate\Pipeline\{closure}(Object(Illuminate\Http\Request))
#46 [internal function]: Illuminate\Foundation\Http\Middleware\CheckForMaintenanceMode->handle(Object(Illuminate\Http\Request), Object(Closure))
#47 /home/ptori/web/reservas.puertorinoco.com/public_html/reservas/vendor/laravel/framework/src/Illuminate/Pipeline/Pipeline.php(124): call_user_func_array(Array, Array)
#48 [internal function]: Illuminate\Pipeline\Pipeline->Illuminate\Pipeline\{closure}(Object(Illuminate\Http\Request))
#49 /home/ptori/web/reservas.puertorinoco.com/public_html/reservas/vendor/laravel/framework/src/Illuminate/Pipeline/Pipeline.php(103): call_user_func(Object(Closure), Object(Illuminate\Http\Request))
#50 /home/ptori/web/reservas.puertorinoco.com/public_html/reservas/vendor/laravel/framework/src/Illuminate/Foundation/Http/Kernel.php(122): Illuminate\Pipeline\Pipeline->then(Object(Closure))
#51 /home/ptori/web/reservas.puertorinoco.com/public_html/reservas/vendor/laravel/framework/src/Illuminate/Foundation/Http/Kernel.php(87): Illuminate\Foundation\Http\Kernel->sendRequestThroughRouter(Object(Illuminate\Http\Request))
#52 /home/ptori/web/reservas.puertorinoco.com/public_html/reservas/public/index.php(53): Illuminate\Foundation\Http\Kernel->handle(Object(Illuminate\Http\Request))
#53 {main}  
